[0.185s] DEBUG:colcon:Command line arguments: ['/usr/bin/colcon', 'build']
[0.185s] DEBUG:colcon:Parsed command line arguments: Namespace(allow_overriding=[], ament_cmake_args=None, base_paths=['.'], build_base='build', catkin_cmake_args=None, catkin_skip_building_tests=False, cmake_args=None, cmake_clean_cache=False, cmake_clean_first=False, cmake_force_configure=False, cmake_target=None, cmake_target_skip_unavailable=False, continue_on_error=False, event_handlers=None, executor='parallel', ignore_user_meta=False, install_base='install', log_base=None, log_level=None, main=<bound method BuildVerb.main of <colcon_core.verb.build.BuildVerb object at 0x7fbd27fdbd00>>, merge_install=False, metas=['./colcon.meta'], packages_above=None, packages_above_and_dependencies=None, packages_above_depth=None, packages_end=None, packages_ignore=None, packages_ignore_regex=None, packages_select=None, packages_select_build_failed=False, packages_select_by_dep=None, packages_select_regex=None, packages_select_test_failures=False, packages_skip=None, packages_skip_build_finished=False, packages_skip_by_dep=None, packages_skip_regex=None, packages_skip_test_passed=False, packages_skip_up_to=None, packages_start=None, packages_up_to=None, packages_up_to_regex=None, parallel_workers=24, paths=None, symlink_install=False, test_result_base=None, verb_extension=<colcon_core.verb.build.BuildVerb object at 0x7fbd27fdbd00>, verb_name='build', verb_parser=<colcon_defaults.argument_parser.defaults.DefaultArgumentsDecorator object at 0x7fbd27fe92b0>)
[0.206s] Level 1:colcon.colcon_core.package_discovery:discover_packages(colcon_meta) check parameters
[0.206s] Level 1:colcon.colcon_core.package_discovery:discover_packages(recursive) check parameters
[0.206s] Level 1:colcon.colcon_core.package_discovery:discover_packages(ignore) check parameters
[0.206s] Level 1:colcon.colcon_core.package_discovery:discover_packages(path) check parameters
[0.206s] Level 1:colcon.colcon_core.package_discovery:discover_packages(colcon_meta) discover
[0.206s] Level 1:colcon.colcon_core.package_discovery:discover_packages(recursive) discover
[0.206s] INFO:colcon.colcon_core.package_discovery:Crawling recursively for packages in '/home/tim/DREAM/ros2_ws/src/potential_field'
[0.206s] Level 1:colcon.colcon_core.package_identification:_identify(.) by extensions ['ignore', 'ignore_ament_install']
[0.207s] Level 1:colcon.colcon_core.package_identification:_identify(.) by extension 'ignore'
[0.207s] Level 1:colcon.colcon_core.package_identification:_identify(.) by extension 'ignore_ament_install'
[0.207s] Level 1:colcon.colcon_core.package_identification:_identify(.) by extensions ['colcon_pkg']
[0.207s] Level 1:colcon.colcon_core.package_identification:_identify(.) by extension 'colcon_pkg'
[0.207s] Level 1:colcon.colcon_core.package_identification:_identify(.) by extensions ['colcon_meta']
[0.207s] Level 1:colcon.colcon_core.package_identification:_identify(.) by extension 'colcon_meta'
[0.207s] Level 1:colcon.colcon_core.package_identification:_identify(.) by extensions ['ros']
[0.207s] Level 1:colcon.colcon_core.package_identification:_identify(.) by extension 'ros'
[0.215s] DEBUG:colcon.colcon_core.package_identification:Package '.' with type 'ros.ament_cmake' and name 'potential_field'
[0.215s] Level 1:colcon.colcon_core.package_discovery:discover_packages(recursive) using defaults
[0.215s] Level 1:colcon.colcon_core.package_discovery:discover_packages(ignore) discover
[0.215s] Level 1:colcon.colcon_core.package_discovery:discover_packages(ignore) using defaults
[0.215s] Level 1:colcon.colcon_core.package_discovery:discover_packages(path) discover
[0.215s] Level 1:colcon.colcon_core.package_discovery:discover_packages(path) using defaults
[0.227s] Level 1:colcon.colcon_core.package_discovery:discover_packages(prefix_path) check parameters
[0.227s] Level 1:colcon.colcon_core.package_discovery:discover_packages(prefix_path) discover
[0.229s] DEBUG:colcon.colcon_installed_package_information.package_discovery:Found 1 installed packages in /home/tim/DREAM/ros2_ws/src/potential_field/install
[0.230s] DEBUG:colcon.colcon_installed_package_information.package_discovery:Found 16 installed packages in /home/tim/DREAM/ros2_ws/install
[0.231s] DEBUG:colcon.colcon_installed_package_information.package_discovery:Found 421 installed packages in /opt/ros/foxy
[0.232s] Level 1:colcon.colcon_core.package_discovery:discover_packages(prefix_path) using defaults
[0.275s] Level 5:colcon.colcon_core.verb:set package 'potential_field' build argument 'cmake_args' from command line to 'None'
[0.275s] Level 5:colcon.colcon_core.verb:set package 'potential_field' build argument 'cmake_target' from command line to 'None'
[0.275s] Level 5:colcon.colcon_core.verb:set package 'potential_field' build argument 'cmake_target_skip_unavailable' from command line to 'False'
[0.275s] Level 5:colcon.colcon_core.verb:set package 'potential_field' build argument 'cmake_clean_cache' from command line to 'False'
[0.275s] Level 5:colcon.colcon_core.verb:set package 'potential_field' build argument 'cmake_clean_first' from command line to 'False'
[0.275s] Level 5:colcon.colcon_core.verb:set package 'potential_field' build argument 'cmake_force_configure' from command line to 'False'
[0.275s] Level 5:colcon.colcon_core.verb:set package 'potential_field' build argument 'ament_cmake_args' from command line to 'None'
[0.275s] Level 5:colcon.colcon_core.verb:set package 'potential_field' build argument 'catkin_cmake_args' from command line to 'None'
[0.275s] Level 5:colcon.colcon_core.verb:set package 'potential_field' build argument 'catkin_skip_building_tests' from command line to 'False'
[0.275s] DEBUG:colcon.colcon_core.verb:Building package 'potential_field' with the following arguments: {'ament_cmake_args': None, 'build_base': '/home/tim/DREAM/ros2_ws/src/potential_field/build/potential_field', 'catkin_cmake_args': None, 'catkin_skip_building_tests': False, 'cmake_args': None, 'cmake_clean_cache': False, 'cmake_clean_first': False, 'cmake_force_configure': False, 'cmake_target': None, 'cmake_target_skip_unavailable': False, 'install_base': '/home/tim/DREAM/ros2_ws/src/potential_field/install/potential_field', 'merge_install': False, 'path': '/home/tim/DREAM/ros2_ws/src/potential_field', 'symlink_install': False, 'test_result_base': None}
[0.276s] INFO:colcon.colcon_core.executor:Executing jobs using 'parallel' executor
[0.278s] DEBUG:colcon.colcon_parallel_executor.executor.parallel:run_until_complete
[0.278s] INFO:colcon.colcon_ros.task.ament_cmake.build:Building ROS package in '/home/tim/DREAM/ros2_ws/src/potential_field' with build type 'ament_cmake'
[0.278s] INFO:colcon.colcon_cmake.task.cmake.build:Building CMake package in '/home/tim/DREAM/ros2_ws/src/potential_field'
[0.280s] INFO:colcon.colcon_core.plugin_system:Skipping extension 'colcon_core.shell.bat': Not used on non-Windows systems
[0.280s] INFO:colcon.colcon_core.shell:Skip shell extension 'powershell' for command environment: Not usable outside of PowerShell
[0.280s] DEBUG:colcon.colcon_core.shell:Skip shell extension 'dsv' for command environment
[0.291s] DEBUG:colcon.colcon_core.event_handler.log_command:Invoking command in '/home/tim/DREAM/ros2_ws/src/potential_field/build/potential_field': CMAKE_PREFIX_PATH=${CMAKE_PREFIX_PATH}:/opt/ros/foxy CONDA_PROMPT_MODIFIER=(ros_foxy) /usr/bin/cmake --build /home/tim/DREAM/ros2_ws/src/potential_field/build/potential_field -- -j24 -l24
[4.826s] DEBUG:colcon.colcon_core.event_handler.log_command:Invoked command in '/home/tim/DREAM/ros2_ws/src/potential_field/build/potential_field' returned '0': CMAKE_PREFIX_PATH=${CMAKE_PREFIX_PATH}:/opt/ros/foxy CONDA_PROMPT_MODIFIER=(ros_foxy) /usr/bin/cmake --build /home/tim/DREAM/ros2_ws/src/potential_field/build/potential_field -- -j24 -l24
[4.850s] DEBUG:colcon.colcon_core.event_handler.log_command:Invoking command in '/home/tim/DREAM/ros2_ws/src/potential_field/build/potential_field': CMAKE_PREFIX_PATH=${CMAKE_PREFIX_PATH}:/opt/ros/foxy CONDA_PROMPT_MODIFIER=(ros_foxy) /usr/bin/cmake --install /home/tim/DREAM/ros2_ws/src/potential_field/build/potential_field
[4.858s] Level 1:colcon.colcon_core.environment:create_environment_scripts_only(potential_field)
[4.859s] DEBUG:colcon.colcon_core.event_handler.log_command:Invoked command in '/home/tim/DREAM/ros2_ws/src/potential_field/build/potential_field' returned '0': CMAKE_PREFIX_PATH=${CMAKE_PREFIX_PATH}:/opt/ros/foxy CONDA_PROMPT_MODIFIER=(ros_foxy) /usr/bin/cmake --install /home/tim/DREAM/ros2_ws/src/potential_field/build/potential_field
[4.862s] Level 1:colcon.colcon_core.environment:checking '/home/tim/DREAM/ros2_ws/src/potential_field/install/potential_field' for CMake module files
[4.862s] Level 1:colcon.colcon_core.environment:checking '/home/tim/DREAM/ros2_ws/src/potential_field/install/potential_field' for CMake config files
[4.862s] Level 1:colcon.colcon_core.shell:create_environment_hook('potential_field', 'cmake_prefix_path')
[4.863s] INFO:colcon.colcon_core.shell:Creating environment hook '/home/tim/DREAM/ros2_ws/src/potential_field/install/potential_field/share/potential_field/hook/cmake_prefix_path.ps1'
[4.863s] INFO:colcon.colcon_core.shell:Creating environment descriptor '/home/tim/DREAM/ros2_ws/src/potential_field/install/potential_field/share/potential_field/hook/cmake_prefix_path.dsv'
[4.864s] INFO:colcon.colcon_core.shell:Creating environment hook '/home/tim/DREAM/ros2_ws/src/potential_field/install/potential_field/share/potential_field/hook/cmake_prefix_path.sh'
[4.864s] Level 1:colcon.colcon_core.environment:checking '/home/tim/DREAM/ros2_ws/src/potential_field/install/potential_field/lib'
[4.865s] Level 1:colcon.colcon_core.environment:checking '/home/tim/DREAM/ros2_ws/src/potential_field/install/potential_field/bin'
[4.865s] Level 1:colcon.colcon_core.environment:checking '/home/tim/DREAM/ros2_ws/src/potential_field/install/potential_field/lib/pkgconfig/potential_field.pc'
[4.865s] Level 1:colcon.colcon_core.environment:checking '/home/tim/DREAM/ros2_ws/src/potential_field/install/potential_field/lib/python3.8/site-packages'
[4.865s] Level 1:colcon.colcon_core.environment:checking '/home/tim/DREAM/ros2_ws/src/potential_field/install/potential_field/bin'
[4.866s] INFO:colcon.colcon_core.shell:Creating package script '/home/tim/DREAM/ros2_ws/src/potential_field/install/potential_field/share/potential_field/package.ps1'
[4.866s] INFO:colcon.colcon_core.shell:Creating package descriptor '/home/tim/DREAM/ros2_ws/src/potential_field/install/potential_field/share/potential_field/package.dsv'
[4.866s] INFO:colcon.colcon_core.shell:Creating package script '/home/tim/DREAM/ros2_ws/src/potential_field/install/potential_field/share/potential_field/package.sh'
[4.867s] INFO:colcon.colcon_core.shell:Creating package script '/home/tim/DREAM/ros2_ws/src/potential_field/install/potential_field/share/potential_field/package.bash'
[4.867s] INFO:colcon.colcon_core.shell:Creating package script '/home/tim/DREAM/ros2_ws/src/potential_field/install/potential_field/share/potential_field/package.zsh'
[4.867s] Level 1:colcon.colcon_core.environment:create_file_with_runtime_dependencies(/home/tim/DREAM/ros2_ws/src/potential_field/install/potential_field/share/colcon-core/packages/potential_field)
[4.885s] Level 1:colcon.colcon_core.environment:create_environment_scripts_only(potential_field)
[4.887s] Level 1:colcon.colcon_core.environment:checking '/home/tim/DREAM/ros2_ws/src/potential_field/install/potential_field' for CMake module files
[4.887s] Level 1:colcon.colcon_core.environment:checking '/home/tim/DREAM/ros2_ws/src/potential_field/install/potential_field' for CMake config files
[4.887s] Level 1:colcon.colcon_core.shell:create_environment_hook('potential_field', 'cmake_prefix_path')
[4.888s] INFO:colcon.colcon_core.shell:Creating environment hook '/home/tim/DREAM/ros2_ws/src/potential_field/install/potential_field/share/potential_field/hook/cmake_prefix_path.ps1'
[4.889s] INFO:colcon.colcon_core.shell:Creating environment descriptor '/home/tim/DREAM/ros2_ws/src/potential_field/install/potential_field/share/potential_field/hook/cmake_prefix_path.dsv'
[4.889s] INFO:colcon.colcon_core.shell:Creating environment hook '/home/tim/DREAM/ros2_ws/src/potential_field/install/potential_field/share/potential_field/hook/cmake_prefix_path.sh'
[4.890s] Level 1:colcon.colcon_core.environment:checking '/home/tim/DREAM/ros2_ws/src/potential_field/install/potential_field/lib'
[4.890s] Level 1:colcon.colcon_core.environment:checking '/home/tim/DREAM/ros2_ws/src/potential_field/install/potential_field/bin'
[4.890s] Level 1:colcon.colcon_core.environment:checking '/home/tim/DREAM/ros2_ws/src/potential_field/install/potential_field/lib/pkgconfig/potential_field.pc'
[4.890s] Level 1:colcon.colcon_core.environment:checking '/home/tim/DREAM/ros2_ws/src/potential_field/install/potential_field/lib/python3.8/site-packages'
[4.890s] Level 1:colcon.colcon_core.environment:checking '/home/tim/DREAM/ros2_ws/src/potential_field/install/potential_field/bin'
[4.891s] INFO:colcon.colcon_core.shell:Creating package script '/home/tim/DREAM/ros2_ws/src/potential_field/install/potential_field/share/potential_field/package.ps1'
[4.892s] INFO:colcon.colcon_core.shell:Creating package descriptor '/home/tim/DREAM/ros2_ws/src/potential_field/install/potential_field/share/potential_field/package.dsv'
[4.892s] INFO:colcon.colcon_core.shell:Creating package script '/home/tim/DREAM/ros2_ws/src/potential_field/install/potential_field/share/potential_field/package.sh'
[4.892s] INFO:colcon.colcon_core.shell:Creating package script '/home/tim/DREAM/ros2_ws/src/potential_field/install/potential_field/share/potential_field/package.bash'
[4.892s] INFO:colcon.colcon_core.shell:Creating package script '/home/tim/DREAM/ros2_ws/src/potential_field/install/potential_field/share/potential_field/package.zsh'
[4.893s] Level 1:colcon.colcon_core.environment:create_file_with_runtime_dependencies(/home/tim/DREAM/ros2_ws/src/potential_field/install/potential_field/share/colcon-core/packages/potential_field)
[4.893s] DEBUG:colcon.colcon_parallel_executor.executor.parallel:closing loop
[4.893s] DEBUG:colcon.colcon_parallel_executor.executor.parallel:loop closed
[4.893s] DEBUG:colcon.colcon_parallel_executor.executor.parallel:run_until_complete finished with '0'
[4.893s] DEBUG:colcon.colcon_core.event_reactor:joining thread
[4.899s] INFO:colcon.colcon_core.plugin_system:Skipping extension 'colcon_notification.desktop_notification.terminal_notifier': Not used on non-Darwin systems
[4.899s] INFO:colcon.colcon_core.plugin_system:Skipping extension 'colcon_notification.desktop_notification.win32': Not used on non-Windows systems
[4.899s] INFO:colcon.colcon_notification.desktop_notification:Sending desktop notification using 'notify2'
[4.914s] DEBUG:colcon.colcon_core.event_reactor:joined thread
[4.916s] INFO:colcon.colcon_core.shell:Creating prefix script '/home/tim/DREAM/ros2_ws/src/potential_field/install/local_setup.ps1'
[4.917s] INFO:colcon.colcon_core.shell:Creating prefix util module '/home/tim/DREAM/ros2_ws/src/potential_field/install/_local_setup_util_ps1.py'
[4.918s] INFO:colcon.colcon_core.shell:Creating prefix chain script '/home/tim/DREAM/ros2_ws/src/potential_field/install/setup.ps1'
[4.919s] INFO:colcon.colcon_core.shell:Creating prefix script '/home/tim/DREAM/ros2_ws/src/potential_field/install/local_setup.sh'
[4.919s] INFO:colcon.colcon_core.shell:Creating prefix util module '/home/tim/DREAM/ros2_ws/src/potential_field/install/_local_setup_util_sh.py'
[4.920s] INFO:colcon.colcon_core.shell:Creating prefix chain script '/home/tim/DREAM/ros2_ws/src/potential_field/install/setup.sh'
[4.921s] INFO:colcon.colcon_core.shell:Creating prefix script '/home/tim/DREAM/ros2_ws/src/potential_field/install/local_setup.bash'
[4.921s] INFO:colcon.colcon_core.shell:Creating prefix chain script '/home/tim/DREAM/ros2_ws/src/potential_field/install/setup.bash'
[4.922s] INFO:colcon.colcon_core.shell:Creating prefix script '/home/tim/DREAM/ros2_ws/src/potential_field/install/local_setup.zsh'
[4.922s] INFO:colcon.colcon_core.shell:Creating prefix chain script '/home/tim/DREAM/ros2_ws/src/potential_field/install/setup.zsh'
